2017-10-14 19:06:49 [JavaFX Application Thread:0] - [INFO] [Spider:306] [run] Spider www.pixiv.net started!
2017-10-14 19:06:51 [pool-2-thread-1:1299] - [INFO] [HttpClientDownloader:88] [download] downloading page success https://www.pixiv.net/ranking.php?mode=daily&format=json
2017-10-14 19:06:56 [JavaFX Application Thread:6423] - [INFO] [Spider:338] [run] Spider www.pixiv.net closed! 1 pages downloaded.
2017-10-14 19:15:50 [main:0] - [INFO] [Spider:306] [run] Spider www.pixiv.net started!
2017-10-14 19:15:51 [pool-1-thread-1:1456] - [INFO] [HttpClientDownloader:88] [download] downloading page success https://www.pixiv.net/ranking.php?mode=daily&format=json
2017-10-14 19:15:56 [main:6568] - [INFO] [Spider:338] [run] Spider www.pixiv.net closed! 1 pages downloaded.
2017-10-14 19:16:28 [main:0] - [INFO] [Spider:306] [run] Spider www.pixiv.net started!
2017-10-14 19:16:29 [pool-1-thread-1:1286] - [INFO] [HttpClientDownloader:88] [download] downloading page success https://www.pixiv.net/ranking.php?mode=daily&format=json
2017-10-14 19:16:35 [main:6401] - [INFO] [Spider:338] [run] Spider www.pixiv.net closed! 1 pages downloaded.
2017-10-14 19:16:55 [main:1] - [INFO] [Spider:306] [run] Spider www.pixiv.net started!
2017-10-14 19:16:56 [pool-1-thread-1:1286] - [INFO] [HttpClientDownloader:88] [download] downloading page success https://www.pixiv.net/ranking.php?mode=daily&format=json
2017-10-14 19:17:01 [main:6401] - [INFO] [Spider:338] [run] Spider www.pixiv.net closed! 1 pages downloaded.
2017-10-14 19:17:14 [main:0] - [INFO] [Spider:306] [run] Spider www.pixiv.net started!
2017-10-14 19:17:15 [pool-1-thread-1:1290] - [INFO] [HttpClientDownloader:88] [download] downloading page success https://www.pixiv.net/ranking.php?mode=daily&format=json
2017-10-14 19:17:20 [main:6405] - [INFO] [Spider:338] [run] Spider www.pixiv.net closed! 1 pages downloaded.
2017-10-14 19:17:49 [main:0] - [INFO] [Spider:306] [run] Spider www.pixiv.net started!
2017-10-14 19:17:50 [pool-1-thread-1:1254] - [INFO] [HttpClientDownloader:88] [download] downloading page success https://www.pixiv.net/ranking.php?mode=daily&format=json
2017-10-14 19:18:26 [main:36411] - [INFO] [Spider:338] [run] Spider www.pixiv.net closed! 1 pages downloaded.
2017-10-14 19:18:39 [main:0] - [INFO] [Spider:306] [run] Spider www.pixiv.net started!
2017-10-14 19:18:41 [pool-1-thread-1:1328] - [INFO] [HttpClientDownloader:88] [download] downloading page success https://www.pixiv.net/ranking.php?mode=daily&format=json
2017-10-14 19:18:46 [main:6445] - [INFO] [Spider:338] [run] Spider www.pixiv.net closed! 1 pages downloaded.
2017-10-14 19:19:46 [main:0] - [INFO] [Spider:306] [run] Spider www.pixiv.net started!
2017-10-14 19:19:47 [pool-1-thread-1:1322] - [INFO] [HttpClientDownloader:88] [download] downloading page success https://www.pixiv.net/ranking.php?mode=daily&format=json
2017-10-14 19:19:52 [main:6448] - [INFO] [Spider:338] [run] Spider www.pixiv.net closed! 1 pages downloaded.
2017-10-14 19:22:08 [JavaFX Application Thread:0] - [INFO] [Spider:306] [run] Spider www.pixiv.net started!
2017-10-14 19:22:09 [pool-2-thread-1:1399] - [INFO] [HttpClientDownloader:88] [download] downloading page success https://www.pixiv.net/ranking.php?mode=daily&format=json
2017-10-14 19:22:14 [JavaFX Application Thread:6501] - [INFO] [Spider:338] [run] Spider www.pixiv.net closed! 1 pages downloaded.
2017-10-14 19:52:47 [main:0] - [INFO] [Spider:306] [run] Spider www.pixivision.net started!
2017-10-14 19:52:49 [pool-1-thread-1:1637] - [INFO] [HttpClientDownloader:88] [download] downloading page success https://www.pixivision.net/zh/a/ss
2017-10-14 19:52:49 [pool-1-thread-1:1639] - [INFO] [Spider:422] [onDownloadSuccess] page status code error, page https://www.pixivision.net/zh/a/ss , code: 404
2017-10-14 19:53:24 [main:36652] - [INFO] [Spider:338] [run] Spider www.pixivision.net closed! 1 pages downloaded.
2017-10-14 20:03:20 [main:0] - [INFO] [Spider:306] [run] Spider www.pixiv.net started!
2017-10-14 20:03:22 [pool-1-thread-1:1300] - [INFO] [HttpClientDownloader:88] [download] downloading page success https://www.pixiv.net/ranking.php?mode=male_r18&format=json
2017-10-14 20:03:36 [main:15440] - [INFO] [Spider:338] [run] Spider www.pixiv.net closed! 1 pages downloaded.
2017-10-14 20:03:36 [main:15446] - [INFO] [Spider:306] [run] Spider www.pixiv.net started!
2017-10-14 20:03:37 [pool-2-thread-1:16275] - [INFO] [HttpClientDownloader:88] [download] downloading page success https://www.pixiv.net/ranking.php?mode=daily_r18&format=json
2017-10-14 20:03:47 [main:27205] - [INFO] [Spider:338] [run] Spider www.pixiv.net closed! 1 pages downloaded.
2017-10-14 20:03:47 [main:27208] - [INFO] [Spider:306] [run] Spider www.pixiv.net started!
2017-10-14 20:03:48 [pool-3-thread-1:28079] - [INFO] [HttpClientDownloader:88] [download] downloading page success https://www.pixiv.net/ranking.php?mode=female_r18&format=json
2017-10-14 20:04:00 [main:39790] - [INFO] [Spider:338] [run] Spider www.pixiv.net closed! 1 pages downloaded.
2017-10-14 20:04:00 [main:39794] - [INFO] [Spider:306] [run] Spider www.pixiv.net started!
2017-10-14 20:04:01 [pool-4-thread-1:40646] - [INFO] [HttpClientDownloader:88] [download] downloading page success https://www.pixiv.net/ranking.php?mode=daily_r18&format=json
2017-10-14 20:04:06 [main:45654] - [INFO] [Spider:338] [run] Spider www.pixiv.net closed! 1 pages downloaded.
2017-10-14 20:04:06 [main:45663] - [INFO] [Spider:306] [run] Spider www.pixiv.net started!
2017-10-14 20:04:07 [pool-5-thread-1:46491] - [INFO] [HttpClientDownloader:88] [download] downloading page success https://www.pixiv.net/ranking.php?mode=weekly_r18&format=json
2017-10-14 20:04:17 [main:57190] - [INFO] [Spider:338] [run] Spider www.pixiv.net closed! 1 pages downloaded.
2017-10-14 20:05:15 [main:0] - [INFO] [Spider:306] [run] Spider app-api.pixiv.net started!
2017-10-14 20:05:16 [pool-1-thread-1:1211] - [INFO] [HttpClientDownloader:88] [download] downloading page success https://app-api.pixiv.net/v1/user/detail?user_id=27517
2017-10-14 20:05:21 [main:6311] - [INFO] [Spider:338] [run] Spider app-api.pixiv.net closed! 1 pages downloaded.
2017-10-14 20:05:21 [main:6321] - [INFO] [Spider:306] [run] Spider www.pixiv.net started!
2017-10-14 20:05:22 [pool-2-thread-1:7161] - [INFO] [HttpClientDownloader:88] [download] downloading page success https://www.pixiv.net/ranking.php?mode=daily&content=illust&format=json
2017-10-14 20:05:33 [main:18074] - [INFO] [Spider:338] [run] Spider www.pixiv.net closed! 1 pages downloaded.
2017-10-14 20:05:33 [main:18079] - [INFO] [Spider:306] [run] Spider www.pixiv.net started!
2017-10-14 20:05:34 [pool-3-thread-1:18940] - [INFO] [HttpClientDownloader:88] [download] downloading page success https://www.pixiv.net/member.php?id=4755415
2017-10-14 20:06:09 [main:54205] - [INFO] [Spider:338] [run] Spider www.pixiv.net closed! 1 pages downloaded.
2017-10-14 20:06:09 [main:54270] - [INFO] [Spider:306] [run] Spider www.pixiv.net started!
2017-10-14 20:06:10 [pool-4-thread-1:55294] - [INFO] [HttpClientDownloader:88] [download] downloading page success https://www.pixiv.net/member_illust.php?mode=medium&illust_id=65088104
2017-10-14 20:06:15 [pool-4-thread-2:60517] - [INFO] [HttpClientDownloader:88] [download] downloading page success https://www.pixiv.net/member_illust.php?mode=medium&amp;illust_id=65088104
2017-10-14 20:06:15 [pool-4-thread-3:60543] - [INFO] [HttpClientDownloader:88] [download] downloading page success https://www.pixiv.net/member_illust.php?mode=medium&amp;illust_id=64702721
2017-10-14 20:06:16 [pool-4-thread-1:60568] - [INFO] [HttpClientDownloader:88] [download] downloading page success https://www.pixiv.net/member_illust.php?mode=medium&amp;illust_id=64586536
2017-10-14 20:06:18 [pool-4-thread-3:63535] - [ERROR] [PicUtils:44] [download] https://i.pximg.net/c/240x480/img-master/img/2017/08/31/00/00/16/64702721_p0_master1200.jpg download failed,error code: 403
2017-10-14 20:06:21 [pool-4-thread-2:65640] - [INFO] [HttpClientDownloader:88] [download] downloading page success https://www.pixiv.net/member_illust.php?mode=medium&amp;illust_id=62947562
2017-10-14 20:06:21 [pool-4-thread-1:66238] - [INFO] [HttpClientDownloader:88] [download] downloading page success https://www.pixiv.net/member_illust.php?mode=medium&amp;illust_id=62034471
2017-10-14 20:06:21 [pool-4-thread-2:66450] - [ERROR] [PicUtils:44] [download] https://i.pximg.net/c/240x480/img-master/img/2017/05/18/00/02/24/62947562_p0_master1200.jpg download failed,error code: 403
2017-10-14 20:06:22 [pool-4-thread-3:67243] - [INFO] [HttpClientDownloader:88] [download] downloading page success https://www.pixiv.net/member_illust.php?mode=medium&amp;illust_id=61723006
2017-10-14 20:06:25 [pool-4-thread-2:70431] - [INFO] [HttpClientDownloader:88] [download] downloading page success https://www.pixiv.net/member_illust.php?mode=medium&amp;illust_id=61469951
2017-10-14 20:06:26 [pool-4-thread-1:71033] - [INFO] [HttpClientDownloader:88] [download] downloading page success https://www.pixiv.net/member_illust.php?mode=medium&amp;illust_id=61351888
2017-10-14 20:06:26 [pool-4-thread-2:71196] - [ERROR] [PicUtils:44] [download] https://i.pximg.net/c/240x480/img-master/img/2017/02/15/15/55/11/61469951_p0_master1200.jpg download failed,error code: 403
2017-10-14 20:06:27 [pool-4-thread-3:72358] - [INFO] [HttpClientDownloader:88] [download] downloading page success https://www.pixiv.net/member_illust.php?mode=medium&amp;illust_id=61329819
2017-10-14 20:09:00 [main:0] - [INFO] [Spider:306] [run] Spider www.pixivision.net started!
2017-10-14 20:09:01 [pool-1-thread-1:1659] - [INFO] [HttpClientDownloader:88] [download] downloading page success https://www.pixivision.net/zh/a/2840
2017-10-14 20:09:02 [pool-1-thread-1:2871] - [ERROR] [PicUtils:44] [download] https://i.pximg.net/c/240x480/img-master/img/2011/12/05/00/44/16/23470117_p0_master1200.jpg download failed,error code: 403
2017-10-14 20:09:03 [pool-1-thread-1:3744] - [ERROR] [PicUtils:44] [download] https://i.pximg.net/c/240x480/img-master/img/2011/12/05/00/44/16/23470117_p0_master1200.jpg download failed,error code: 403
2017-10-14 20:09:04 [pool-1-thread-1:4512] - [ERROR] [PicUtils:44] [download] https://i.pximg.net/c/240x480/img-master/img/2011/12/05/00/44/16/23470117_p0_master1200.jpg download failed,error code: 403
2017-10-14 20:09:05 [pool-1-thread-1:5301] - [ERROR] [PicUtils:44] [download] https://i.pximg.net/c/240x480/img-master/img/2011/12/05/00/44/16/23470117_p0_master1200.jpg download failed,error code: 403
2017-10-14 20:09:06 [pool-1-thread-1:6056] - [ERROR] [PicUtils:44] [download] https://i.pximg.net/c/240x480/img-master/img/2011/12/05/00/44/16/23470117_p0_master1200.jpg download failed,error code: 403
2017-10-14 20:09:06 [pool-1-thread-1:6813] - [ERROR] [PicUtils:44] [download] https://i.pximg.net/c/240x480/img-master/img/2011/12/05/00/44/16/23470117_p0_master1200.jpg download failed,error code: 403
2017-10-14 20:09:07 [pool-1-thread-1:7551] - [ERROR] [PicUtils:44] [download] https://i.pximg.net/c/240x480/img-master/img/2011/12/05/00/44/16/23470117_p0_master1200.jpg download failed,error code: 403
2017-10-14 20:09:08 [pool-1-thread-1:8319] - [ERROR] [PicUtils:44] [download] https://i.pximg.net/c/240x480/img-master/img/2011/12/05/00/44/16/23470117_p0_master1200.jpg download failed,error code: 403
2017-10-14 20:09:09 [pool-1-thread-1:9073] - [ERROR] [PicUtils:44] [download] https://i.pximg.net/c/240x480/img-master/img/2011/12/05/00/44/16/23470117_p0_master1200.jpg download failed,error code: 403
2017-10-14 20:09:09 [pool-1-thread-1:9829] - [ERROR] [PicUtils:44] [download] https://i.pximg.net/c/240x480/img-master/img/2011/12/05/00/44/16/23470117_p0_master1200.jpg download failed,error code: 403
2017-10-14 20:09:10 [pool-1-thread-1:10608] - [ERROR] [PicUtils:44] [download] https://i.pximg.net/c/240x480/img-master/img/2011/12/05/00/44/16/23470117_p0_master1200.jpg download failed,error code: 403
2017-10-14 20:09:11 [pool-1-thread-1:11375] - [ERROR] [PicUtils:44] [download] https://i.pximg.net/c/240x480/img-master/img/2011/12/05/00/44/16/23470117_p0_master1200.jpg download failed,error code: 403
2017-10-14 20:09:12 [pool-1-thread-1:12139] - [ERROR] [PicUtils:44] [download] https://i.pximg.net/c/240x480/img-master/img/2011/12/05/00/44/16/23470117_p0_master1200.jpg download failed,error code: 403
2017-10-14 20:09:12 [pool-1-thread-1:12892] - [ERROR] [PicUtils:44] [download] https://i.pximg.net/c/240x480/img-master/img/2011/12/05/00/44/16/23470117_p0_master1200.jpg download failed,error code: 403
2017-10-14 20:09:13 [pool-1-thread-1:13672] - [ERROR] [PicUtils:44] [download] https://i.pximg.net/c/240x480/img-master/img/2011/12/05/00/44/16/23470117_p0_master1200.jpg download failed,error code: 403
2017-10-14 20:09:14 [pool-1-thread-1:14435] - [ERROR] [PicUtils:44] [download] https://i.pximg.net/c/240x480/img-master/img/2011/12/05/00/44/16/23470117_p0_master1200.jpg download failed,error code: 403
2017-10-14 20:09:15 [pool-1-thread-1:15641] - [ERROR] [PicUtils:44] [download] https://i.pximg.net/c/240x480/img-master/img/2011/12/05/00/44/16/23470117_p0_master1200.jpg download failed,error code: 403
2017-10-14 20:09:16 [pool-1-thread-1:16400] - [ERROR] [PicUtils:44] [download] https://i.pximg.net/c/240x480/img-master/img/2011/12/05/00/44/16/23470117_p0_master1200.jpg download failed,error code: 403
2017-10-14 20:09:17 [pool-1-thread-1:17157] - [ERROR] [PicUtils:44] [download] https://i.pximg.net/c/240x480/img-master/img/2011/12/05/00/44/16/23470117_p0_master1200.jpg download failed,error code: 403
2017-10-14 20:09:17 [pool-1-thread-1:17914] - [ERROR] [PicUtils:44] [download] https://i.pximg.net/c/240x480/img-master/img/2011/12/05/00/44/16/23470117_p0_master1200.jpg download failed,error code: 403
2017-10-14 20:09:18 [pool-1-thread-1:18659] - [ERROR] [PicUtils:44] [download] https://i.pximg.net/c/240x480/img-master/img/2011/12/05/00/44/16/23470117_p0_master1200.jpg download failed,error code: 403
2017-10-14 20:09:19 [pool-1-thread-1:19430] - [ERROR] [PicUtils:44] [download] https://i.pximg.net/c/240x480/img-master/img/2011/12/05/00/44/16/23470117_p0_master1200.jpg download failed,error code: 403
2017-10-14 20:09:20 [pool-1-thread-1:20195] - [ERROR] [PicUtils:44] [download] https://i.pximg.net/c/240x480/img-master/img/2011/12/05/00/44/16/23470117_p0_master1200.jpg download failed,error code: 403
2017-10-14 20:09:21 [pool-1-thread-1:20969] - [ERROR] [PicUtils:44] [download] https://i.pximg.net/c/240x480/img-master/img/2011/12/05/00/44/16/23470117_p0_master1200.jpg download failed,error code: 403
2017-10-14 20:09:21 [pool-1-thread-1:21734] - [ERROR] [PicUtils:44] [download] https://i.pximg.net/c/240x480/img-master/img/2011/12/05/00/44/16/23470117_p0_master1200.jpg download failed,error code: 403
2017-10-14 20:09:22 [pool-1-thread-1:22901] - [ERROR] [PicUtils:44] [download] https://i.pximg.net/c/240x480/img-master/img/2011/12/05/00/44/16/23470117_p0_master1200.jpg download failed,error code: 403
2017-10-14 20:09:23 [pool-1-thread-1:23689] - [ERROR] [PicUtils:44] [download] https://i.pximg.net/c/240x480/img-master/img/2011/12/05/00/44/16/23470117_p0_master1200.jpg download failed,error code: 403
2017-10-14 20:09:24 [pool-1-thread-1:24845] - [ERROR] [PicUtils:44] [download] https://i.pximg.net/c/240x480/img-master/img/2011/12/05/00/44/16/23470117_p0_master1200.jpg download failed,error code: 403
2017-10-14 20:09:25 [pool-1-thread-1:25606] - [ERROR] [PicUtils:44] [download] https://i.pximg.net/c/240x480/img-master/img/2011/12/05/00/44/16/23470117_p0_master1200.jpg download failed,error code: 403
2017-10-14 20:09:26 [pool-1-thread-1:26370] - [ERROR] [PicUtils:44] [download] https://i.pximg.net/c/240x480/img-master/img/2011/12/05/00/44/16/23470117_p0_master1200.jpg download failed,error code: 403
2017-10-14 20:09:27 [pool-1-thread-1:27183] - [ERROR] [PicUtils:44] [download] https://i.pximg.net/c/240x480/img-master/img/2011/12/05/00/44/16/23470117_p0_master1200.jpg download failed,error code: 403
2017-10-14 20:09:28 [pool-1-thread-1:27963] - [ERROR] [PicUtils:44] [download] https://i.pximg.net/c/240x480/img-master/img/2011/12/05/00/44/16/23470117_p0_master1200.jpg download failed,error code: 403
2017-10-14 20:09:28 [pool-1-thread-1:28718] - [ERROR] [PicUtils:44] [download] https://i.pximg.net/c/240x480/img-master/img/2011/12/05/00/44/16/23470117_p0_master1200.jpg download failed,error code: 403
2017-10-14 20:09:29 [pool-1-thread-1:29505] - [ERROR] [PicUtils:44] [download] https://i.pximg.net/c/240x480/img-master/img/2011/12/05/00/44/16/23470117_p0_master1200.jpg download failed,error code: 403
2017-10-14 20:09:30 [pool-1-thread-1:30289] - [ERROR] [PicUtils:44] [download] https://i.pximg.net/c/240x480/img-master/img/2011/12/05/00/44/16/23470117_p0_master1200.jpg download failed,error code: 403
2017-10-14 20:09:31 [pool-1-thread-1:31071] - [ERROR] [PicUtils:44] [download] https://i.pximg.net/c/240x480/img-master/img/2011/12/05/00/44/16/23470117_p0_master1200.jpg download failed,error code: 403
2017-10-14 20:09:31 [pool-1-thread-1:31886] - [ERROR] [PicUtils:44] [download] https://i.pximg.net/c/240x480/img-master/img/2011/12/05/00/44/16/23470117_p0_master1200.jpg download failed,error code: 403
2017-10-14 20:09:32 [pool-1-thread-1:32686] - [ERROR] [PicUtils:44] [download] https://i.pximg.net/c/240x480/img-master/img/2011/12/05/00/44/16/23470117_p0_master1200.jpg download failed,error code: 403
2017-10-14 20:09:33 [pool-1-thread-1:33434] - [ERROR] [PicUtils:44] [download] https://i.pximg.net/c/240x480/img-master/img/2011/12/05/00/44/16/23470117_p0_master1200.jpg download failed,error code: 403
2017-10-14 20:09:34 [pool-1-thread-1:34778] - [ERROR] [PicUtils:44] [download] https://i.pximg.net/c/240x480/img-master/img/2011/12/05/00/44/16/23470117_p0_master1200.jpg download failed,error code: 403
2017-10-14 20:09:35 [pool-1-thread-1:35540] - [ERROR] [PicUtils:44] [download] https://i.pximg.net/c/240x480/img-master/img/2011/12/05/00/44/16/23470117_p0_master1200.jpg download failed,error code: 403
2017-10-14 20:09:36 [pool-1-thread-1:36312] - [ERROR] [PicUtils:44] [download] https://i.pximg.net/c/240x480/img-master/img/2011/12/05/00/44/16/23470117_p0_master1200.jpg download failed,error code: 403
2017-10-14 20:09:37 [pool-1-thread-1:37073] - [ERROR] [PicUtils:44] [download] https://i.pximg.net/c/240x480/img-master/img/2011/12/05/00/44/16/23470117_p0_master1200.jpg download failed,error code: 403
2017-10-14 20:09:37 [pool-1-thread-1:37828] - [ERROR] [PicUtils:44] [download] https://i.pximg.net/c/240x480/img-master/img/2011/12/05/00/44/16/23470117_p0_master1200.jpg download failed,error code: 403
2017-10-14 20:09:38 [pool-1-thread-1:38586] - [ERROR] [PicUtils:44] [download] https://i.pximg.net/c/240x480/img-master/img/2011/12/05/00/44/16/23470117_p0_master1200.jpg download failed,error code: 403
2017-10-14 20:09:39 [pool-1-thread-1:39351] - [ERROR] [PicUtils:44] [download] https://i.pximg.net/c/240x480/img-master/img/2011/12/05/00/44/16/23470117_p0_master1200.jpg download failed,error code: 403
2017-10-14 20:09:40 [pool-1-thread-1:40105] - [ERROR] [PicUtils:44] [download] https://i.pximg.net/c/240x480/img-master/img/2011/12/05/00/44/16/23470117_p0_master1200.jpg download failed,error code: 403
2017-10-14 20:09:40 [pool-1-thread-1:40861] - [ERROR] [PicUtils:44] [download] https://i.pximg.net/c/240x480/img-master/img/2011/12/05/00/44/16/23470117_p0_master1200.jpg download failed,error code: 403
2017-10-14 20:09:41 [pool-1-thread-1:41611] - [ERROR] [PicUtils:44] [download] https://i.pximg.net/c/240x480/img-master/img/2011/12/05/00/44/16/23470117_p0_master1200.jpg download failed,error code: 403
2017-10-14 20:09:42 [pool-1-thread-1:42370] - [ERROR] [PicUtils:44] [download] https://i.pximg.net/c/240x480/img-master/img/2011/12/05/00/44/16/23470117_p0_master1200.jpg download failed,error code: 403
2017-10-14 20:09:43 [pool-1-thread-1:43113] - [ERROR] [PicUtils:44] [download] https://i.pximg.net/c/240x480/img-master/img/2011/12/05/00/44/16/23470117_p0_master1200.jpg download failed,error code: 403
2017-10-14 20:09:43 [pool-1-thread-1:43861] - [ERROR] [PicUtils:44] [download] https://i.pximg.net/c/240x480/img-master/img/2011/12/05/00/44/16/23470117_p0_master1200.jpg download failed,error code: 403
2017-10-14 20:09:44 [pool-1-thread-1:44624] - [ERROR] [PicUtils:44] [download] https://i.pximg.net/c/240x480/img-master/img/2011/12/05/00/44/16/23470117_p0_master1200.jpg download failed,error code: 403
2017-10-14 20:09:45 [pool-1-thread-1:45392] - [ERROR] [PicUtils:44] [download] https://i.pximg.net/c/240x480/img-master/img/2011/12/05/00/44/16/23470117_p0_master1200.jpg download failed,error code: 403
2017-10-14 20:09:46 [pool-1-thread-1:46157] - [ERROR] [PicUtils:44] [download] https://i.pximg.net/c/240x480/img-master/img/2011/12/05/00/44/16/23470117_p0_master1200.jpg download failed,error code: 403
2017-10-14 20:09:46 [pool-1-thread-1:46926] - [ERROR] [PicUtils:44] [download] https://i.pximg.net/c/240x480/img-master/img/2011/12/05/00/44/16/23470117_p0_master1200.jpg download failed,error code: 403
2017-10-14 20:09:47 [pool-1-thread-1:47681] - [ERROR] [PicUtils:44] [download] https://i.pximg.net/c/240x480/img-master/img/2011/12/05/00/44/16/23470117_p0_master1200.jpg download failed,error code: 403
2017-10-14 20:09:48 [pool-1-thread-1:48442] - [ERROR] [PicUtils:44] [download] https://i.pximg.net/c/240x480/img-master/img/2011/12/05/00/44/16/23470117_p0_master1200.jpg download failed,error code: 403
2017-10-14 20:09:49 [pool-1-thread-1:49199] - [ERROR] [PicUtils:44] [download] https://i.pximg.net/c/240x480/img-master/img/2011/12/05/00/44/16/23470117_p0_master1200.jpg download failed,error code: 403
2017-10-14 20:09:50 [pool-1-thread-1:49957] - [ERROR] [PicUtils:44] [download] https://i.pximg.net/c/240x480/img-master/img/2011/12/05/00/44/16/23470117_p0_master1200.jpg download failed,error code: 403
2017-10-14 20:09:50 [pool-1-thread-1:50717] - [ERROR] [PicUtils:44] [download] https://i.pximg.net/c/240x480/img-master/img/2011/12/05/00/44/16/23470117_p0_master1200.jpg download failed,error code: 403
2017-10-14 20:09:51 [pool-1-thread-1:51483] - [ERROR] [PicUtils:44] [download] https://i.pximg.net/c/240x480/img-master/img/2011/12/05/00/44/16/23470117_p0_master1200.jpg download failed,error code: 403
2017-10-14 20:09:52 [pool-1-thread-1:52235] - [ERROR] [PicUtils:44] [download] https://i.pximg.net/c/240x480/img-master/img/2011/12/05/00/44/16/23470117_p0_master1200.jpg download failed,error code: 403
2017-10-14 20:09:53 [pool-1-thread-1:52987] - [ERROR] [PicUtils:44] [download] https://i.pximg.net/c/240x480/img-master/img/2011/12/05/00/44/16/23470117_p0_master1200.jpg download failed,error code: 403
2017-10-14 20:09:53 [pool-1-thread-1:53727] - [ERROR] [PicUtils:44] [download] https://i.pximg.net/c/240x480/img-master/img/2011/12/05/00/44/16/23470117_p0_master1200.jpg download failed,error code: 403
2017-10-14 20:09:54 [pool-1-thread-1:54472] - [ERROR] [PicUtils:44] [download] https://i.pximg.net/c/240x480/img-master/img/2011/12/05/00/44/16/23470117_p0_master1200.jpg download failed,error code: 403
2017-10-14 20:09:55 [pool-1-thread-1:55219] - [ERROR] [PicUtils:44] [download] https://i.pximg.net/c/240x480/img-master/img/2011/12/05/00/44/16/23470117_p0_master1200.jpg download failed,error code: 403
2017-10-14 20:09:56 [pool-1-thread-1:55963] - [ERROR] [PicUtils:44] [download] https://i.pximg.net/c/240x480/img-master/img/2011/12/05/00/44/16/23470117_p0_master1200.jpg download failed,error code: 403
2017-10-14 20:09:56 [pool-1-thread-1:56716] - [ERROR] [PicUtils:44] [download] https://i.pximg.net/c/240x480/img-master/img/2011/12/05/00/44/16/23470117_p0_master1200.jpg download failed,error code: 403
2017-10-14 20:09:57 [pool-1-thread-1:57469] - [ERROR] [PicUtils:44] [download] https://i.pximg.net/c/240x480/img-master/img/2011/12/05/00/44/16/23470117_p0_master1200.jpg download failed,error code: 403
2017-10-14 20:09:58 [pool-1-thread-1:58238] - [ERROR] [PicUtils:44] [download] https://i.pximg.net/c/240x480/img-master/img/2011/12/05/00/44/16/23470117_p0_master1200.jpg download failed,error code: 403
2017-10-14 20:09:59 [pool-1-thread-1:58970] - [ERROR] [PicUtils:44] [download] https://i.pximg.net/c/240x480/img-master/img/2011/12/05/00/44/16/23470117_p0_master1200.jpg download failed,error code: 403
2017-10-14 20:10:00 [pool-1-thread-1:60340] - [ERROR] [PicUtils:44] [download] https://i.pximg.net/c/240x480/img-master/img/2011/12/05/00/44/16/23470117_p0_master1200.jpg download failed,error code: 403
2017-10-14 20:10:01 [pool-1-thread-1:61087] - [ERROR] [PicUtils:44] [download] https://i.pximg.net/c/240x480/img-master/img/2011/12/05/00/44/16/23470117_p0_master1200.jpg download failed,error code: 403
2017-10-14 20:10:01 [pool-1-thread-1:61864] - [ERROR] [PicUtils:44] [download] https://i.pximg.net/c/240x480/img-master/img/2011/12/05/00/44/16/23470117_p0_master1200.jpg download failed,error code: 403
2017-10-14 20:10:02 [pool-1-thread-1:62611] - [ERROR] [PicUtils:44] [download] https://i.pximg.net/c/240x480/img-master/img/2011/12/05/00/44/16/23470117_p0_master1200.jpg download failed,error code: 403
2017-10-14 20:10:03 [pool-1-thread-1:63381] - [ERROR] [PicUtils:44] [download] https://i.pximg.net/c/240x480/img-master/img/2011/12/05/00/44/16/23470117_p0_master1200.jpg download failed,error code: 403
2017-10-14 20:10:07 [pool-1-thread-1:67148] - [ERROR] [PicUtils:44] [download] https://i.pximg.net/c/240x480/img-master/img/2011/12/05/00/44/16/23470117_p0_master1200.jpg download failed,error code: 403
2017-10-14 20:10:07 [pool-1-thread-1:67921] - [ERROR] [PicUtils:44] [download] https://i.pximg.net/c/240x480/img-master/img/2011/12/05/00/44/16/23470117_p0_master1200.jpg download failed,error code: 403
2017-10-14 20:10:08 [pool-1-thread-1:68696] - [ERROR] [PicUtils:44] [download] https://i.pximg.net/c/240x480/img-master/img/2011/12/05/00/44/16/23470117_p0_master1200.jpg download failed,error code: 403
2017-10-14 20:10:09 [pool-1-thread-1:69557] - [ERROR] [PicUtils:44] [download] https://i.pximg.net/c/240x480/img-master/img/2011/12/05/00/44/16/23470117_p0_master1200.jpg download failed,error code: 403
2017-10-14 20:10:10 [pool-1-thread-1:70301] - [ERROR] [PicUtils:44] [download] https://i.pximg.net/c/240x480/img-master/img/2011/12/05/00/44/16/23470117_p0_master1200.jpg download failed,error code: 403
2017-10-14 20:10:11 [pool-1-thread-1:71086] - [ERROR] [PicUtils:44] [download] https://i.pximg.net/c/240x480/img-master/img/2011/12/05/00/44/16/23470117_p0_master1200.jpg download failed,error code: 403
2017-10-14 20:10:11 [pool-1-thread-1:71855] - [ERROR] [PicUtils:44] [download] https://i.pximg.net/c/240x480/img-master/img/2011/12/05/00/44/16/23470117_p0_master1200.jpg download failed,error code: 403
2017-10-14 20:10:12 [pool-1-thread-1:72611] - [ERROR] [PicUtils:44] [download] https://i.pximg.net/c/240x480/img-master/img/2011/12/05/00/44/16/23470117_p0_master1200.jpg download failed,error code: 403
2017-10-14 20:10:13 [pool-1-thread-1:73391] - [ERROR] [PicUtils:44] [download] https://i.pximg.net/c/240x480/img-master/img/2011/12/05/00/44/16/23470117_p0_master1200.jpg download failed,error code: 403
2017-10-14 20:10:14 [pool-1-thread-1:74156] - [ERROR] [PicUtils:44] [download] https://i.pximg.net/c/240x480/img-master/img/2011/12/05/00/44/16/23470117_p0_master1200.jpg download failed,error code: 403
2017-10-14 20:10:14 [pool-1-thread-1:74927] - [ERROR] [PicUtils:44] [download] https://i.pximg.net/c/240x480/img-master/img/2011/12/05/00/44/16/23470117_p0_master1200.jpg download failed,error code: 403
2017-10-14 20:10:15 [pool-1-thread-1:75664] - [ERROR] [PicUtils:44] [download] https://i.pximg.net/c/240x480/img-master/img/2011/12/05/00/44/16/23470117_p0_master1200.jpg download failed,error code: 403
2017-10-14 20:10:16 [pool-1-thread-1:76406] - [ERROR] [PicUtils:44] [download] https://i.pximg.net/c/240x480/img-master/img/2011/12/05/00/44/16/23470117_p0_master1200.jpg download failed,error code: 403
2017-10-14 20:10:17 [pool-1-thread-1:77137] - [ERROR] [PicUtils:44] [download] https://i.pximg.net/c/240x480/img-master/img/2011/12/05/00/44/16/23470117_p0_master1200.jpg download failed,error code: 403
2017-10-14 20:10:17 [pool-1-thread-1:77870] - [ERROR] [PicUtils:44] [download] https://i.pximg.net/c/240x480/img-master/img/2011/12/05/00/44/16/23470117_p0_master1200.jpg download failed,error code: 403
2017-10-14 20:10:18 [pool-1-thread-1:78615] - [ERROR] [PicUtils:44] [download] https://i.pximg.net/c/240x480/img-master/img/2011/12/05/00/44/16/23470117_p0_master1200.jpg download failed,error code: 403
2017-10-14 20:10:19 [pool-1-thread-1:79344] - [ERROR] [PicUtils:44] [download] https://i.pximg.net/c/240x480/img-master/img/2011/12/05/00/44/16/23470117_p0_master1200.jpg download failed,error code: 403
2017-10-14 20:10:20 [pool-1-thread-1:80102] - [ERROR] [PicUtils:44] [download] https://i.pximg.net/c/240x480/img-master/img/2011/12/05/00/44/16/23470117_p0_master1200.jpg download failed,error code: 403
2017-10-14 20:10:21 [pool-1-thread-1:80999] - [ERROR] [PicUtils:44] [download] https://i.pximg.net/c/240x480/img-master/img/2011/12/05/00/44/16/23470117_p0_master1200.jpg download failed,error code: 403
2017-10-14 20:10:21 [pool-1-thread-1:81766] - [ERROR] [PicUtils:44] [download] https://i.pximg.net/c/240x480/img-master/img/2011/12/05/00/44/16/23470117_p0_master1200.jpg download failed,error code: 403
2017-10-14 20:10:22 [pool-1-thread-1:82519] - [ERROR] [PicUtils:44] [download] https://i.pximg.net/c/240x480/img-master/img/2011/12/05/00/44/16/23470117_p0_master1200.jpg download failed,error code: 403
2017-10-14 20:10:23 [pool-1-thread-1:83356] - [ERROR] [PicUtils:44] [download] https://i.pximg.net/c/240x480/img-master/img/2011/12/05/00/44/16/23470117_p0_master1200.jpg download failed,error code: 403
2017-10-14 20:10:24 [pool-1-thread-1:84121] - [ERROR] [PicUtils:44] [download] https://i.pximg.net/c/240x480/img-master/img/2011/12/05/00/44/16/23470117_p0_master1200.jpg download failed,error code: 403
2017-10-14 20:10:24 [pool-1-thread-1:84858] - [ERROR] [PicUtils:44] [download] https://i.pximg.net/c/240x480/img-master/img/2011/12/05/00/44/16/23470117_p0_master1200.jpg download failed,error code: 403
2017-10-14 20:10:25 [pool-1-thread-1:85595] - [ERROR] [PicUtils:44] [download] https://i.pximg.net/c/240x480/img-master/img/2011/12/05/00/44/16/23470117_p0_master1200.jpg download failed,error code: 403
2017-10-14 20:10:26 [pool-1-thread-1:86327] - [ERROR] [PicUtils:44] [download] https://i.pximg.net/c/240x480/img-master/img/2011/12/05/00/44/16/23470117_p0_master1200.jpg download failed,error code: 403
2017-10-14 20:10:27 [pool-1-thread-1:87062] - [ERROR] [PicUtils:44] [download] https://i.pximg.net/c/240x480/img-master/img/2011/12/05/00/44/16/23470117_p0_master1200.jpg download failed,error code: 403
2017-10-14 20:10:27 [pool-1-thread-1:87804] - [ERROR] [PicUtils:44] [download] https://i.pximg.net/c/240x480/img-master/img/2011/12/05/00/44/16/23470117_p0_master1200.jpg download failed,error code: 403
2017-10-14 20:10:28 [pool-1-thread-1:88536] - [ERROR] [PicUtils:44] [download] https://i.pximg.net/c/240x480/img-master/img/2011/12/05/00/44/16/23470117_p0_master1200.jpg download failed,error code: 403
2017-10-14 20:10:29 [pool-1-thread-1:89283] - [ERROR] [PicUtils:44] [download] https://i.pximg.net/c/240x480/img-master/img/2011/12/05/00/44/16/23470117_p0_master1200.jpg download failed,error code: 403
2017-10-14 20:10:38 [main:0] - [INFO] [Spider:306] [run] Spider www.pixivision.net started!
2017-10-14 20:10:39 [pool-1-thread-1:1673] - [INFO] [HttpClientDownloader:88] [download] downloading page success https://www.pixivision.net/zh/a/2810
2017-10-14 20:10:42 [pool-1-thread-1:4033] - [ERROR] [PicUtils:44] [download] https://i.pximg.net/c/240x480/img-master/img/2010/04/09/22/48/56/9930022_p0_master1200.jpg download failed,error code: 403
2017-10-14 20:10:42 [pool-1-thread-1:4792] - [ERROR] [PicUtils:44] [download] https://i.pximg.net/c/240x480/img-master/img/2010/04/09/22/48/56/9930022_p0_master1200.jpg download failed,error code: 403
2017-10-14 20:10:43 [pool-1-thread-1:5566] - [ERROR] [PicUtils:44] [download] https://i.pximg.net/c/240x480/img-master/img/2010/04/09/22/48/56/9930022_p0_master1200.jpg download failed,error code: 403
2017-10-14 20:10:44 [pool-1-thread-1:6326] - [ERROR] [PicUtils:44] [download] https://i.pximg.net/c/240x480/img-master/img/2010/04/09/22/48/56/9930022_p0_master1200.jpg download failed,error code: 403
2017-10-14 20:10:45 [pool-1-thread-1:7088] - [ERROR] [PicUtils:44] [download] https://i.pximg.net/c/240x480/img-master/img/2010/04/09/22/48/56/9930022_p0_master1200.jpg download failed,error code: 403
2017-10-14 20:10:45 [pool-1-thread-1:7845] - [ERROR] [PicUtils:44] [download] https://i.pximg.net/c/240x480/img-master/img/2010/04/09/22/48/56/9930022_p0_master1200.jpg download failed,error code: 403
2017-10-14 20:10:46 [pool-1-thread-1:8583] - [ERROR] [PicUtils:44] [download] https://i.pximg.net/c/240x480/img-master/img/2010/04/09/22/48/56/9930022_p0_master1200.jpg download failed,error code: 403
2017-10-14 20:10:47 [pool-1-thread-1:9332] - [ERROR] [PicUtils:44] [download] https://i.pximg.net/c/240x480/img-master/img/2010/04/09/22/48/56/9930022_p0_master1200.jpg download failed,error code: 403
2017-10-14 20:10:48 [pool-1-thread-1:10102] - [ERROR] [PicUtils:44] [download] https://i.pximg.net/c/240x480/img-master/img/2010/04/09/22/48/56/9930022_p0_master1200.jpg download failed,error code: 403
2017-10-14 20:10:49 [pool-1-thread-1:10855] - [ERROR] [PicUtils:44] [download] https://i.pximg.net/c/240x480/img-master/img/2010/04/09/22/48/56/9930022_p0_master1200.jpg download failed,error code: 403
2017-10-14 20:10:49 [pool-1-thread-1:11611] - [ERROR] [PicUtils:44] [download] https://i.pximg.net/c/240x480/img-master/img/2010/04/09/22/48/56/9930022_p0_master1200.jpg download failed,error code: 403
2017-10-14 20:10:50 [pool-1-thread-1:12403] - [ERROR] [PicUtils:44] [download] https://i.pximg.net/c/240x480/img-master/img/2010/04/09/22/48/56/9930022_p0_master1200.jpg download failed,error code: 403
2017-10-14 20:10:51 [pool-1-thread-1:13156] - [ERROR] [PicUtils:44] [download] https://i.pximg.net/c/240x480/img-master/img/2010/04/09/22/48/56/9930022_p0_master1200.jpg download failed,error code: 403
2017-10-14 20:10:52 [pool-1-thread-1:13921] - [ERROR] [PicUtils:44] [download] https://i.pximg.net/c/240x480/img-master/img/2010/04/09/22/48/56/9930022_p0_master1200.jpg download failed,error code: 403
2017-10-14 20:10:52 [pool-1-thread-1:14681] - [ERROR] [PicUtils:44] [download] https://i.pximg.net/c/240x480/img-master/img/2010/04/09/22/48/56/9930022_p0_master1200.jpg download failed,error code: 403
2017-10-14 20:10:53 [pool-1-thread-1:15431] - [ERROR] [PicUtils:44] [download] https://i.pximg.net/c/240x480/img-master/img/2010/04/09/22/48/56/9930022_p0_master1200.jpg download failed,error code: 403
2017-10-14 20:10:54 [pool-1-thread-1:16185] - [ERROR] [PicUtils:44] [download] https://i.pximg.net/c/240x480/img-master/img/2010/04/09/22/48/56/9930022_p0_master1200.jpg download failed,error code: 403
2017-10-14 20:10:55 [pool-1-thread-1:16933] - [ERROR] [PicUtils:44] [download] https://i.pximg.net/c/240x480/img-master/img/2010/04/09/22/48/56/9930022_p0_master1200.jpg download failed,error code: 403
2017-10-14 20:10:55 [pool-1-thread-1:17688] - [ERROR] [PicUtils:44] [download] https://i.pximg.net/c/240x480/img-master/img/2010/04/09/22/48/56/9930022_p0_master1200.jpg download failed,error code: 403
2017-10-14 20:10:56 [pool-1-thread-1:18427] - [ERROR] [PicUtils:44] [download] https://i.pximg.net/c/240x480/img-master/img/2010/04/09/22/48/56/9930022_p0_master1200.jpg download failed,error code: 403
2017-10-14 20:10:57 [pool-1-thread-1:19182] - [ERROR] [PicUtils:44] [download] https://i.pximg.net/c/240x480/img-master/img/2010/04/09/22/48/56/9930022_p0_master1200.jpg download failed,error code: 403
2017-10-14 20:10:58 [pool-1-thread-1:19952] - [ERROR] [PicUtils:44] [download] https://i.pximg.net/c/240x480/img-master/img/2010/04/09/22/48/56/9930022_p0_master1200.jpg download failed,error code: 403
2017-10-14 20:10:58 [pool-1-thread-1:20701] - [ERROR] [PicUtils:44] [download] https://i.pximg.net/c/240x480/img-master/img/2010/04/09/22/48/56/9930022_p0_master1200.jpg download failed,error code: 403
2017-10-14 20:10:59 [pool-1-thread-1:21470] - [ERROR] [PicUtils:44] [download] https://i.pximg.net/c/240x480/img-master/img/2010/04/09/22/48/56/9930022_p0_master1200.jpg download failed,error code: 403
2017-10-14 20:11:00 [pool-1-thread-1:22204] - [ERROR] [PicUtils:44] [download] https://i.pximg.net/c/240x480/img-master/img/2010/04/09/22/48/56/9930022_p0_master1200.jpg download failed,error code: 403
2017-10-14 20:11:01 [pool-1-thread-1:22951] - [ERROR] [PicUtils:44] [download] https://i.pximg.net/c/240x480/img-master/img/2010/04/09/22/48/56/9930022_p0_master1200.jpg download failed,error code: 403
2017-10-14 20:11:01 [pool-1-thread-1:23710] - [ERROR] [PicUtils:44] [download] https://i.pximg.net/c/240x480/img-master/img/2010/04/09/22/48/56/9930022_p0_master1200.jpg download failed,error code: 403
2017-10-14 20:11:02 [pool-1-thread-1:24459] - [ERROR] [PicUtils:44] [download] https://i.pximg.net/c/240x480/img-master/img/2010/04/09/22/48/56/9930022_p0_master1200.jpg download failed,error code: 403
2017-10-14 20:11:03 [pool-1-thread-1:25215] - [ERROR] [PicUtils:44] [download] https://i.pximg.net/c/240x480/img-master/img/2010/04/09/22/48/56/9930022_p0_master1200.jpg download failed,error code: 403
2017-10-14 20:11:04 [pool-1-thread-1:25979] - [ERROR] [PicUtils:44] [download] https://i.pximg.net/c/240x480/img-master/img/2010/04/09/22/48/56/9930022_p0_master1200.jpg download failed,error code: 403
2017-10-14 20:11:04 [pool-1-thread-1:26750] - [ERROR] [PicUtils:44] [download] https://i.pximg.net/c/240x480/img-master/img/2010/04/09/22/48/56/9930022_p0_master1200.jpg download failed,error code: 403
2017-10-14 20:11:05 [pool-1-thread-1:27529] - [ERROR] [PicUtils:44] [download] https://i.pximg.net/c/240x480/img-master/img/2010/04/09/22/48/56/9930022_p0_master1200.jpg download failed,error code: 403
2017-10-14 20:11:06 [pool-1-thread-1:28289] - [ERROR] [PicUtils:44] [download] https://i.pximg.net/c/240x480/img-master/img/2010/04/09/22/48/56/9930022_p0_master1200.jpg download failed,error code: 403
2017-10-14 20:11:07 [pool-1-thread-1:29632] - [ERROR] [PicUtils:44] [download] https://i.pximg.net/c/240x480/img-master/img/2010/04/09/22/48/56/9930022_p0_master1200.jpg download failed,error code: 403
2017-10-14 20:11:08 [pool-1-thread-1:30392] - [ERROR] [PicUtils:44] [download] https://i.pximg.net/c/240x480/img-master/img/2010/04/09/22/48/56/9930022_p0_master1200.jpg download failed,error code: 403
2017-10-14 20:11:09 [pool-1-thread-1:31137] - [ERROR] [PicUtils:44] [download] https://i.pximg.net/c/240x480/img-master/img/2010/04/09/22/48/56/9930022_p0_master1200.jpg download failed,error code: 403
2017-10-14 20:11:10 [pool-1-thread-1:31886] - [ERROR] [PicUtils:44] [download] https://i.pximg.net/c/240x480/img-master/img/2010/04/09/22/48/56/9930022_p0_master1200.jpg download failed,error code: 403
2017-10-14 20:11:10 [pool-1-thread-1:32641] - [ERROR] [PicUtils:44] [download] https://i.pximg.net/c/240x480/img-master/img/2010/04/09/22/48/56/9930022_p0_master1200.jpg download failed,error code: 403
2017-10-14 20:11:11 [pool-1-thread-1:33393] - [ERROR] [PicUtils:44] [download] https://i.pximg.net/c/240x480/img-master/img/2010/04/09/22/48/56/9930022_p0_master1200.jpg download failed,error code: 403
2017-10-14 20:11:12 [pool-1-thread-1:34145] - [ERROR] [PicUtils:44] [download] https://i.pximg.net/c/240x480/img-master/img/2010/04/09/22/48/56/9930022_p0_master1200.jpg download failed,error code: 403
2017-10-14 20:11:13 [pool-1-thread-1:34893] - [ERROR] [PicUtils:44] [download] https://i.pximg.net/c/240x480/img-master/img/2010/04/09/22/48/56/9930022_p0_master1200.jpg download failed,error code: 403
2017-10-14 20:11:13 [pool-1-thread-1:35643] - [ERROR] [PicUtils:44] [download] https://i.pximg.net/c/240x480/img-master/img/2010/04/09/22/48/56/9930022_p0_master1200.jpg download failed,error code: 403
2017-10-14 20:11:14 [pool-1-thread-1:36446] - [ERROR] [PicUtils:44] [download] https://i.pximg.net/c/240x480/img-master/img/2010/04/09/22/48/56/9930022_p0_master1200.jpg download failed,error code: 403
2017-10-14 20:11:15 [pool-1-thread-1:37194] - [ERROR] [PicUtils:44] [download] https://i.pximg.net/c/240x480/img-master/img/2010/04/09/22/48/56/9930022_p0_master1200.jpg download failed,error code: 403
2017-10-14 20:11:16 [pool-1-thread-1:37950] - [ERROR] [PicUtils:44] [download] https://i.pximg.net/c/240x480/img-master/img/2010/04/09/22/48/56/9930022_p0_master1200.jpg download failed,error code: 403
2017-10-14 20:11:16 [pool-1-thread-1:38690] - [ERROR] [PicUtils:44] [download] https://i.pximg.net/c/240x480/img-master/img/2010/04/09/22/48/56/9930022_p0_master1200.jpg download failed,error code: 403
2017-10-14 20:11:17 [pool-1-thread-1:39435] - [ERROR] [PicUtils:44] [download] https://i.pximg.net/c/240x480/img-master/img/2010/04/09/22/48/56/9930022_p0_master1200.jpg download failed,error code: 403
2017-10-14 20:11:18 [pool-1-thread-1:40192] - [ERROR] [PicUtils:44] [download] https://i.pximg.net/c/240x480/img-master/img/2010/04/09/22/48/56/9930022_p0_master1200.jpg download failed,error code: 403
2017-10-14 20:11:19 [pool-1-thread-1:40956] - [ERROR] [PicUtils:44] [download] https://i.pximg.net/c/240x480/img-master/img/2010/04/09/22/48/56/9930022_p0_master1200.jpg download failed,error code: 403
2017-10-14 20:11:19 [pool-1-thread-1:41709] - [ERROR] [PicUtils:44] [download] https://i.pximg.net/c/240x480/img-master/img/2010/04/09/22/48/56/9930022_p0_master1200.jpg download failed,error code: 403
2017-10-14 20:11:20 [pool-1-thread-1:42467] - [ERROR] [PicUtils:44] [download] https://i.pximg.net/c/240x480/img-master/img/2010/04/09/22/48/56/9930022_p0_master1200.jpg download failed,error code: 403
2017-10-14 20:11:21 [pool-1-thread-1:43256] - [ERROR] [PicUtils:44] [download] https://i.pximg.net/c/240x480/img-master/img/2010/04/09/22/48/56/9930022_p0_master1200.jpg download failed,error code: 403
2017-10-14 20:11:22 [pool-1-thread-1:44002] - [ERROR] [PicUtils:44] [download] https://i.pximg.net/c/240x480/img-master/img/2010/04/09/22/48/56/9930022_p0_master1200.jpg download failed,error code: 403
2017-10-14 20:11:22 [pool-1-thread-1:44743] - [ERROR] [PicUtils:44] [download] https://i.pximg.net/c/240x480/img-master/img/2010/04/09/22/48/56/9930022_p0_master1200.jpg download failed,error code: 403
2017-10-14 20:11:23 [pool-1-thread-1:45494] - [ERROR] [PicUtils:44] [download] https://i.pximg.net/c/240x480/img-master/img/2010/04/09/22/48/56/9930022_p0_master1200.jpg download failed,error code: 403
2017-10-14 20:11:24 [pool-1-thread-1:46246] - [ERROR] [PicUtils:44] [download] https://i.pximg.net/c/240x480/img-master/img/2010/04/09/22/48/56/9930022_p0_master1200.jpg download failed,error code: 403
2017-10-14 20:11:25 [pool-1-thread-1:46995] - [ERROR] [PicUtils:44] [download] https://i.pximg.net/c/240x480/img-master/img/2010/04/09/22/48/56/9930022_p0_master1200.jpg download failed,error code: 403
2017-10-14 20:11:25 [pool-1-thread-1:47743] - [ERROR] [PicUtils:44] [download] https://i.pximg.net/c/240x480/img-master/img/2010/04/09/22/48/56/9930022_p0_master1200.jpg download failed,error code: 403
2017-10-14 20:11:27 [pool-1-thread-1:49542] - [ERROR] [PicUtils:44] [download] https://i.pximg.net/c/240x480/img-master/img/2010/04/09/22/48/56/9930022_p0_master1200.jpg download failed,error code: 403
2017-10-14 20:11:28 [pool-1-thread-1:50294] - [ERROR] [PicUtils:44] [download] https://i.pximg.net/c/240x480/img-master/img/2010/04/09/22/48/56/9930022_p0_master1200.jpg download failed,error code: 403
2017-10-14 20:11:29 [pool-1-thread-1:51068] - [ERROR] [PicUtils:44] [download] https://i.pximg.net/c/240x480/img-master/img/2010/04/09/22/48/56/9930022_p0_master1200.jpg download failed,error code: 403
2017-10-14 20:11:29 [pool-1-thread-1:51816] - [ERROR] [PicUtils:44] [download] https://i.pximg.net/c/240x480/img-master/img/2010/04/09/22/48/56/9930022_p0_master1200.jpg download failed,error code: 403
2017-10-14 20:11:30 [pool-1-thread-1:52564] - [ERROR] [PicUtils:44] [download] https://i.pximg.net/c/240x480/img-master/img/2010/04/09/22/48/56/9930022_p0_master1200.jpg download failed,error code: 403
2017-10-14 20:11:31 [pool-1-thread-1:53311] - [ERROR] [PicUtils:44] [download] https://i.pximg.net/c/240x480/img-master/img/2010/04/09/22/48/56/9930022_p0_master1200.jpg download failed,error code: 403
2017-10-14 20:11:32 [pool-1-thread-1:54055] - [ERROR] [PicUtils:44] [download] https://i.pximg.net/c/240x480/img-master/img/2010/04/09/22/48/56/9930022_p0_master1200.jpg download failed,error code: 403
2017-10-14 20:11:32 [pool-1-thread-1:54804] - [ERROR] [PicUtils:44] [download] https://i.pximg.net/c/240x480/img-master/img/2010/04/09/22/48/56/9930022_p0_master1200.jpg download failed,error code: 403
2017-10-14 20:11:33 [pool-1-thread-1:55554] - [ERROR] [PicUtils:44] [download] https://i.pximg.net/c/240x480/img-master/img/2010/04/09/22/48/56/9930022_p0_master1200.jpg download failed,error code: 403
2017-10-14 20:11:34 [pool-1-thread-1:56299] - [ERROR] [PicUtils:44] [download] https://i.pximg.net/c/240x480/img-master/img/2010/04/09/22/48/56/9930022_p0_master1200.jpg download failed,error code: 403
2017-10-14 20:11:35 [pool-1-thread-1:57058] - [ERROR] [PicUtils:44] [download] https://i.pximg.net/c/240x480/img-master/img/2010/04/09/22/48/56/9930022_p0_master1200.jpg download failed,error code: 403
2017-10-14 20:11:35 [pool-1-thread-1:57816] - [ERROR] [PicUtils:44] [download] https://i.pximg.net/c/240x480/img-master/img/2010/04/09/22/48/56/9930022_p0_master1200.jpg download failed,error code: 403
2017-10-14 20:11:36 [pool-1-thread-1:58565] - [ERROR] [PicUtils:44] [download] https://i.pximg.net/c/240x480/img-master/img/2010/04/09/22/48/56/9930022_p0_master1200.jpg download failed,error code: 403
2017-10-14 20:11:37 [pool-1-thread-1:59310] - [ERROR] [PicUtils:44] [download] https://i.pximg.net/c/240x480/img-master/img/2010/04/09/22/48/56/9930022_p0_master1200.jpg download failed,error code: 403
2017-10-14 20:11:38 [pool-1-thread-1:60067] - [ERROR] [PicUtils:44] [download] https://i.pximg.net/c/240x480/img-master/img/2010/04/09/22/48/56/9930022_p0_master1200.jpg download failed,error code: 403
2017-10-14 20:11:38 [pool-1-thread-1:60818] - [ERROR] [PicUtils:44] [download] https://i.pximg.net/c/240x480/img-master/img/2010/04/09/22/48/56/9930022_p0_master1200.jpg download failed,error code: 403
2017-10-14 20:11:39 [pool-1-thread-1:61576] - [ERROR] [PicUtils:44] [download] https://i.pximg.net/c/240x480/img-master/img/2010/04/09/22/48/56/9930022_p0_master1200.jpg download failed,error code: 403
2017-10-14 20:11:40 [pool-1-thread-1:62323] - [ERROR] [PicUtils:44] [download] https://i.pximg.net/c/240x480/img-master/img/2010/04/09/22/48/56/9930022_p0_master1200.jpg download failed,error code: 403
2017-10-14 20:11:41 [pool-1-thread-1:63075] - [ERROR] [PicUtils:44] [download] https://i.pximg.net/c/240x480/img-master/img/2010/04/09/22/48/56/9930022_p0_master1200.jpg download failed,error code: 403
2017-10-14 20:11:42 [pool-1-thread-1:63856] - [ERROR] [PicUtils:44] [download] https://i.pximg.net/c/240x480/img-master/img/2010/04/09/22/48/56/9930022_p0_master1200.jpg download failed,error code: 403
2017-10-14 20:11:42 [pool-1-thread-1:64607] - [ERROR] [PicUtils:44] [download] https://i.pximg.net/c/240x480/img-master/img/2010/04/09/22/48/56/9930022_p0_master1200.jpg download failed,error code: 403
2017-10-14 20:11:43 [pool-1-thread-1:65361] - [ERROR] [PicUtils:44] [download] https://i.pximg.net/c/240x480/img-master/img/2010/04/09/22/48/56/9930022_p0_master1200.jpg download failed,error code: 403
2017-10-14 20:11:44 [pool-1-thread-1:66125] - [ERROR] [PicUtils:44] [download] https://i.pximg.net/c/240x480/img-master/img/2010/04/09/22/48/56/9930022_p0_master1200.jpg download failed,error code: 403
2017-10-14 20:11:45 [pool-1-thread-1:66881] - [ERROR] [PicUtils:44] [download] https://i.pximg.net/c/240x480/img-master/img/2010/04/09/22/48/56/9930022_p0_master1200.jpg download failed,error code: 403
2017-10-14 20:11:45 [pool-1-thread-1:67641] - [ERROR] [PicUtils:44] [download] https://i.pximg.net/c/240x480/img-master/img/2010/04/09/22/48/56/9930022_p0_master1200.jpg download failed,error code: 403
2017-10-14 20:11:46 [pool-1-thread-1:68390] - [ERROR] [PicUtils:44] [download] https://i.pximg.net/c/240x480/img-master/img/2010/04/09/22/48/56/9930022_p0_master1200.jpg download failed,error code: 403
2017-10-14 20:11:47 [pool-1-thread-1:69163] - [ERROR] [PicUtils:44] [download] https://i.pximg.net/c/240x480/img-master/img/2010/04/09/22/48/56/9930022_p0_master1200.jpg download failed,error code: 403
2017-10-14 20:11:48 [pool-1-thread-1:69951] - [ERROR] [PicUtils:44] [download] https://i.pximg.net/c/240x480/img-master/img/2010/04/09/22/48/56/9930022_p0_master1200.jpg download failed,error code: 403
2017-10-14 20:11:48 [pool-1-thread-1:70692] - [ERROR] [PicUtils:44] [download] https://i.pximg.net/c/240x480/img-master/img/2010/04/09/22/48/56/9930022_p0_master1200.jpg download failed,error code: 403
2017-10-14 20:11:49 [pool-1-thread-1:71444] - [ERROR] [PicUtils:44] [download] https://i.pximg.net/c/240x480/img-master/img/2010/04/09/22/48/56/9930022_p0_master1200.jpg download failed,error code: 403
2017-10-14 20:11:50 [pool-1-thread-1:72194] - [ERROR] [PicUtils:44] [download] https://i.pximg.net/c/240x480/img-master/img/2010/04/09/22/48/56/9930022_p0_master1200.jpg download failed,error code: 403
2017-10-14 20:11:51 [pool-1-thread-1:72941] - [ERROR] [PicUtils:44] [download] https://i.pximg.net/c/240x480/img-master/img/2010/04/09/22/48/56/9930022_p0_master1200.jpg download failed,error code: 403
2017-10-14 20:11:51 [pool-1-thread-1:73688] - [ERROR] [PicUtils:44] [download] https://i.pximg.net/c/240x480/img-master/img/2010/04/09/22/48/56/9930022_p0_master1200.jpg download failed,error code: 403
2017-10-14 20:11:52 [pool-1-thread-1:74435] - [ERROR] [PicUtils:44] [download] https://i.pximg.net/c/240x480/img-master/img/2010/04/09/22/48/56/9930022_p0_master1200.jpg download failed,error code: 403
2017-10-14 20:11:53 [pool-1-thread-1:75182] - [ERROR] [PicUtils:44] [download] https://i.pximg.net/c/240x480/img-master/img/2010/04/09/22/48/56/9930022_p0_master1200.jpg download failed,error code: 403
2017-10-14 20:11:54 [pool-1-thread-1:75956] - [ERROR] [PicUtils:44] [download] https://i.pximg.net/c/240x480/img-master/img/2010/04/09/22/48/56/9930022_p0_master1200.jpg download failed,error code: 403
2017-10-14 20:11:54 [pool-1-thread-1:76710] - [ERROR] [PicUtils:44] [download] https://i.pximg.net/c/240x480/img-master/img/2010/04/09/22/48/56/9930022_p0_master1200.jpg download failed,error code: 403
2017-10-14 20:11:55 [pool-1-thread-1:77468] - [ERROR] [PicUtils:44] [download] https://i.pximg.net/c/240x480/img-master/img/2010/04/09/22/48/56/9930022_p0_master1200.jpg download failed,error code: 403
2017-10-14 20:11:56 [pool-1-thread-1:78213] - [ERROR] [PicUtils:44] [download] https://i.pximg.net/c/240x480/img-master/img/2010/04/09/22/48/56/9930022_p0_master1200.jpg download failed,error code: 403
2017-10-14 20:11:57 [pool-1-thread-1:78963] - [ERROR] [PicUtils:44] [download] https://i.pximg.net/c/240x480/img-master/img/2010/04/09/22/48/56/9930022_p0_master1200.jpg download failed,error code: 403
2017-10-14 20:11:57 [pool-1-thread-1:79727] - [ERROR] [PicUtils:44] [download] https://i.pximg.net/c/240x480/img-master/img/2010/04/09/22/48/56/9930022_p0_master1200.jpg download failed,error code: 403
2017-10-14 20:11:58 [pool-1-thread-1:80480] - [ERROR] [PicUtils:44] [download] https://i.pximg.net/c/240x480/img-master/img/2010/04/09/22/48/56/9930022_p0_master1200.jpg download failed,error code: 403
2017-10-14 20:11:59 [pool-1-thread-1:81224] - [ERROR] [PicUtils:44] [download] https://i.pximg.net/c/240x480/img-master/img/2010/04/09/22/48/56/9930022_p0_master1200.jpg download failed,error code: 403
2017-10-14 20:12:00 [pool-1-thread-1:81978] - [ERROR] [PicUtils:44] [download] https://i.pximg.net/c/240x480/img-master/img/2010/04/09/22/48/56/9930022_p0_master1200.jpg download failed,error code: 403
2017-10-14 20:12:00 [pool-1-thread-1:82720] - [ERROR] [PicUtils:44] [download] https://i.pximg.net/c/240x480/img-master/img/2010/04/09/22/48/56/9930022_p0_master1200.jpg download failed,error code: 403
2017-10-14 20:12:01 [pool-1-thread-1:83463] - [ERROR] [PicUtils:44] [download] https://i.pximg.net/c/240x480/img-master/img/2010/04/09/22/48/56/9930022_p0_master1200.jpg download failed,error code: 403
2017-10-14 20:12:02 [pool-1-thread-1:84237] - [ERROR] [PicUtils:44] [download] https://i.pximg.net/c/240x480/img-master/img/2010/04/09/22/48/56/9930022_p0_master1200.jpg download failed,error code: 403
2017-10-14 20:12:03 [pool-1-thread-1:85006] - [ERROR] [PicUtils:44] [download] https://i.pximg.net/c/240x480/img-master/img/2010/04/09/22/48/56/9930022_p0_master1200.jpg download failed,error code: 403
2017-10-14 20:12:03 [pool-1-thread-1:85752] - [ERROR] [PicUtils:44] [download] https://i.pximg.net/c/240x480/img-master/img/2010/04/09/22/48/56/9930022_p0_master1200.jpg download failed,error code: 403
2017-10-14 20:12:04 [pool-1-thread-1:86492] - [ERROR] [PicUtils:44] [download] https://i.pximg.net/c/240x480/img-master/img/2010/04/09/22/48/56/9930022_p0_master1200.jpg download failed,error code: 403
2017-10-14 20:12:05 [pool-1-thread-1:87295] - [ERROR] [PicUtils:44] [download] https://i.pximg.net/c/240x480/img-master/img/2010/04/09/22/48/56/9930022_p0_master1200.jpg download failed,error code: 403
2017-10-14 20:12:06 [pool-1-thread-1:88035] - [ERROR] [PicUtils:44] [download] https://i.pximg.net/c/240x480/img-master/img/2010/04/09/22/48/56/9930022_p0_master1200.jpg download failed,error code: 403
2017-10-14 20:12:07 [pool-1-thread-1:89319] - [ERROR] [PicUtils:44] [download] https://i.pximg.net/c/240x480/img-master/img/2010/04/09/22/48/56/9930022_p0_master1200.jpg download failed,error code: 403
2017-10-14 20:12:08 [pool-1-thread-1:90073] - [ERROR] [PicUtils:44] [download] https://i.pximg.net/c/240x480/img-master/img/2010/04/09/22/48/56/9930022_p0_master1200.jpg download failed,error code: 403
2017-10-14 20:12:08 [pool-1-thread-1:90811] - [ERROR] [PicUtils:44] [download] https://i.pximg.net/c/240x480/img-master/img/2010/04/09/22/48/56/9930022_p0_master1200.jpg download failed,error code: 403
2017-10-14 20:12:09 [pool-1-thread-1:91607] - [ERROR] [PicUtils:44] [download] https://i.pximg.net/c/240x480/img-master/img/2010/04/09/22/48/56/9930022_p0_master1200.jpg download failed,error code: 403
2017-10-14 20:12:10 [pool-1-thread-1:92351] - [ERROR] [PicUtils:44] [download] https://i.pximg.net/c/240x480/img-master/img/2010/04/09/22/48/56/9930022_p0_master1200.jpg download failed,error code: 403
2017-10-14 20:12:11 [pool-1-thread-1:93102] - [ERROR] [PicUtils:44] [download] https://i.pximg.net/c/240x480/img-master/img/2010/04/09/22/48/56/9930022_p0_master1200.jpg download failed,error code: 403
2017-10-14 20:12:11 [pool-1-thread-1:93849] - [ERROR] [PicUtils:44] [download] https://i.pximg.net/c/240x480/img-master/img/2010/04/09/22/48/56/9930022_p0_master1200.jpg download failed,error code: 403
2017-10-14 20:12:12 [pool-1-thread-1:94597] - [ERROR] [PicUtils:44] [download] https://i.pximg.net/c/240x480/img-master/img/2010/04/09/22/48/56/9930022_p0_master1200.jpg download failed,error code: 403
2017-10-14 20:12:13 [pool-1-thread-1:95370] - [ERROR] [PicUtils:44] [download] https://i.pximg.net/c/240x480/img-master/img/2010/04/09/22/48/56/9930022_p0_master1200.jpg download failed,error code: 403
2017-10-14 20:12:14 [pool-1-thread-1:96125] - [ERROR] [PicUtils:44] [download] https://i.pximg.net/c/240x480/img-master/img/2010/04/09/22/48/56/9930022_p0_master1200.jpg download failed,error code: 403
2017-10-14 20:12:15 [pool-1-thread-1:96882] - [ERROR] [PicUtils:44] [download] https://i.pximg.net/c/240x480/img-master/img/2010/04/09/22/48/56/9930022_p0_master1200.jpg download failed,error code: 403
2017-10-14 20:12:15 [pool-1-thread-1:97631] - [ERROR] [PicUtils:44] [download] https://i.pximg.net/c/240x480/img-master/img/2010/04/09/22/48/56/9930022_p0_master1200.jpg download failed,error code: 403
2017-10-14 20:12:16 [pool-1-thread-1:98373] - [ERROR] [PicUtils:44] [download] https://i.pximg.net/c/240x480/img-master/img/2010/04/09/22/48/56/9930022_p0_master1200.jpg download failed,error code: 403
2017-10-14 20:12:17 [pool-1-thread-1:99136] - [ERROR] [PicUtils:44] [download] https://i.pximg.net/c/240x480/img-master/img/2010/04/09/22/48/56/9930022_p0_master1200.jpg download failed,error code: 403
2017-10-14 20:12:35 [main:0] - [INFO] [Spider:306] [run] Spider www.pixiv.net started!
2017-10-14 20:12:36 [pool-1-thread-1:1190] - [INFO] [HttpClientDownloader:88] [download] downloading page success https://www.pixiv.net/ranking.php?mode=original&content=illust&format=json
2017-10-14 20:12:36 [pool-1-thread-1:1192] - [INFO] [Spider:422] [onDownloadSuccess] page status code error, page https://www.pixiv.net/ranking.php?mode=original&content=illust&format=json , code: 404
2017-10-14 20:13:11 [main:36206] - [INFO] [Spider:338] [run] Spider www.pixiv.net closed! 1 pages downloaded.
2017-10-14 20:13:11 [main:36222] - [INFO] [Spider:306] [run] Spider www.pixiv.net started!
2017-10-14 20:13:12 [pool-2-thread-1:37072] - [INFO] [HttpClientDownloader:88] [download] downloading page success https://www.pixiv.net/ranking.php?mode=monthly&content=illust&format=json
2017-10-14 20:13:23 [main:48791] - [INFO] [Spider:338] [run] Spider www.pixiv.net closed! 1 pages downloaded.
2017-10-14 20:13:23 [main:48795] - [INFO] [Spider:306] [run] Spider www.pixiv.net started!
2017-10-14 20:13:24 [pool-3-thread-1:49583] - [INFO] [HttpClientDownloader:88] [download] downloading page success https://www.pixiv.net/ranking.php?mode=male&content=illust&format=json
2017-10-14 20:13:24 [pool-3-thread-1:49584] - [INFO] [Spider:422] [onDownloadSuccess] page status code error, page https://www.pixiv.net/ranking.php?mode=male&content=illust&format=json , code: 404
2017-10-14 20:13:29 [main:54585] - [INFO] [Spider:338] [run] Spider www.pixiv.net closed! 1 pages downloaded.
2017-10-14 20:13:29 [main:54594] - [INFO] [Spider:306] [run] Spider www.pixiv.net started!
2017-10-14 20:13:30 [pool-4-thread-1:55432] - [INFO] [HttpClientDownloader:88] [download] downloading page success https://www.pixiv.net/ranking.php?mode=daily&format=json
2017-10-14 20:13:35 [main:60451] - [INFO] [Spider:338] [run] Spider www.pixiv.net closed! 1 pages downloaded.
2017-10-14 20:13:35 [main:60467] - [INFO] [Spider:306] [run] Spider www.pixiv.net started!
2017-10-14 20:13:36 [pool-5-thread-1:61284] - [INFO] [HttpClientDownloader:88] [download] downloading page success https://www.pixiv.net/ranking.php?mode=weekly&content=illust&format=json
2017-10-14 20:13:48 [main:73325] - [INFO] [Spider:338] [run] Spider www.pixiv.net closed! 1 pages downloaded.
2017-10-14 20:13:48 [main:73328] - [INFO] [Spider:306] [run] Spider www.pixiv.net started!
2017-10-14 20:13:49 [pool-6-thread-1:74317] - [INFO] [HttpClientDownloader:88] [download] downloading page success https://www.pixiv.net/ranking.php?mode=daily&content=illust&format=json
2017-10-14 20:14:03 [main:88571] - [INFO] [Spider:338] [run] Spider www.pixiv.net closed! 1 pages downloaded.
2017-10-14 20:14:03 [main:88574] - [INFO] [Spider:306] [run] Spider www.pixiv.net started!
2017-10-14 20:14:04 [pool-7-thread-1:89376] - [INFO] [HttpClientDownloader:88] [download] downloading page success https://www.pixiv.net/ranking.php?mode=daily&content=ugoira&format=json
2017-10-14 20:14:14 [main:99663] - [INFO] [Spider:338] [run] Spider www.pixiv.net closed! 1 pages downloaded.
2017-10-14 20:14:14 [main:99664] - [INFO] [Spider:306] [run] Spider www.pixiv.net started!
2017-10-14 20:14:16 [pool-8-thread-1:101207] - [INFO] [HttpClientDownloader:88] [download] downloading page success https://www.pixiv.net/ranking.php?mode=daily_r18&content=illust&format=json
2017-10-14 20:14:16 [pool-8-thread-1:101208] - [INFO] [Spider:422] [onDownloadSuccess] page status code error, page https://www.pixiv.net/ranking.php?mode=daily_r18&content=illust&format=json , code: 403
2017-10-14 20:14:21 [main:106208] - [INFO] [Spider:338] [run] Spider www.pixiv.net closed! 1 pages downloaded.
2017-10-14 20:14:21 [main:106213] - [INFO] [Spider:306] [run] Spider www.pixiv.net started!
2017-10-14 20:14:22 [pool-9-thread-1:107019] - [INFO] [HttpClientDownloader:88] [download] downloading page success https://www.pixiv.net/ranking.php?mode=daily&content=manga&format=json
2017-10-14 20:14:35 [main:120556] - [INFO] [Spider:338] [run] Spider www.pixiv.net closed! 1 pages downloaded.
2017-10-14 20:14:35 [main:120558] - [INFO] [Spider:306] [run] Spider www.pixiv.net started!
2017-10-14 20:14:36 [pool-10-thread-1:121325] - [INFO] [HttpClientDownloader:88] [download] downloading page success https://www.pixiv.net/ranking.php?mode=female&content=illust&format=json
2017-10-14 20:14:36 [pool-10-thread-1:121326] - [INFO] [Spider:422] [onDownloadSuccess] page status code error, page https://www.pixiv.net/ranking.php?mode=female&content=illust&format=json , code: 404
2017-10-14 20:14:41 [main:126327] - [INFO] [Spider:338] [run] Spider www.pixiv.net closed! 1 pages downloaded.
2017-10-14 20:14:41 [main:126330] - [INFO] [Spider:306] [run] Spider www.pixiv.net started!
2017-10-14 20:14:42 [pool-11-thread-1:127211] - [INFO] [HttpClientDownloader:88] [download] downloading page success https://www.pixiv.net/ranking.php?mode=daily&content=illust&format=json
2017-10-14 20:14:54 [main:139072] - [INFO] [Spider:338] [run] Spider www.pixiv.net closed! 1 pages downloaded.
2017-10-14 20:14:54 [main:139075] - [INFO] [Spider:306] [run] Spider www.pixiv.net started!
2017-10-14 20:14:54 [pool-12-thread-1:139913] - [INFO] [HttpClientDownloader:88] [download] downloading page success https://www.pixiv.net/ranking.php?mode=rookie&content=illust&format=json
2017-10-14 20:15:05 [main:150726] - [INFO] [Spider:338] [run] Spider www.pixiv.net closed! 1 pages downloaded.
2017-10-14 20:16:00 [main:0] - [INFO] [Spider:306] [run] Spider www.pixiv.net started!
2017-10-14 20:16:01 [pool-1-thread-1:1249] - [INFO] [HttpClientDownloader:88] [download] downloading page success https://www.pixiv.net/ranking.php?mode=weekly&content=illust&format=json
2017-10-14 20:16:13 [main:12488] - [INFO] [Spider:338] [run] Spider www.pixiv.net closed! 1 pages downloaded.
2017-10-14 20:16:34 [main:0] - [INFO] [Spider:306] [run] Spider www.pixiv.net started!
2017-10-14 20:16:35 [pool-1-thread-1:1228] - [INFO] [HttpClientDownloader:88] [download] downloading page success https://www.pixiv.net/ranking.php?mode=weekly&content=illust&format=json
2017-10-14 20:16:46 [main:11984] - [INFO] [Spider:338] [run] Spider www.pixiv.net closed! 1 pages downloaded.
2017-10-14 20:16:59 [main:0] - [INFO] [Spider:306] [run] Spider www.pixiv.net started!
2017-10-14 20:17:00 [pool-1-thread-1:1268] - [INFO] [HttpClientDownloader:88] [download] downloading page success https://www.pixiv.net/ranking.php?mode=daily&content=illust&format=json
2017-10-14 20:17:12 [main:12944] - [INFO] [Spider:338] [run] Spider www.pixiv.net closed! 1 pages downloaded.
